<?xml version="1.0" encoding="UTF-8"?>
<testng-results skipped="0" failed="0" ignored="0" total="1" passed="1">
  <reporter-output>
  </reporter-output>
  <suite name="Default suite" duration-ms="60" started-at="2022-03-15T08:50:05Z" finished-at="2022-03-15T08:50:05Z">
    <groups>
    </groups>
    <test name="Default test" duration-ms="60" started-at="2022-03-15T08:50:05Z" finished-at="2022-03-15T08:50:05Z">
      <class name="OrgTest.LLTest">
        <test-method status="PASS" signature="leadtest()[pri:0, instance:OrgTest.LLTest@735b5592]" name="leadtest" duration-ms="16" started-at="2022-03-15T08:50:05Z" finished-at="2022-03-15T08:50:05Z">
          <reporter-output>
          </reporter-output>
        </test-method> <!-- leadtest -->
      </class> <!-- OrgTest.LLTest -->
    </test> <!-- Default test -->
  </suite> <!-- Default suite -->
</testng-results>
